

Started GET "/" for 104.131.159.76 at 2016-12-24 07:20:27 -0500
Processing by Rails::WelcomeController#index as HTML
  Rendered /home/cabox/.rvm/gems/ruby-2.1.4/gems/railties-4.1.6/lib/rails/templates/rails/welcome/index.html.erb (1.9ms)
Completed 200 OK in 18ms (Views: 7.7ms | ActiveRecord: 0.0ms)


Started GET "/" for 104.131.159.76 at 2016-12-24 08:01:30 -0500
Processing by Rails::WelcomeController#index as HTML
  Rendered /home/cabox/.rvm/gems/ruby-2.1.4/gems/railties-4.1.6/lib/rails/templates/rails/welcome/index.html.erb (2.0ms)
Completed 200 OK in 19ms (Views: 8.4ms | ActiveRecord: 0.0ms)


Started GET "/home/index.html" for 104.131.159.76 at 2016-12-24 08:03:33 -0500
Processing by HomeController#index as HTML
  Rendered home/index.html.erb within layouts/application (0.5ms)
Completed 200 OK in 823ms (Views: 820.7ms | ActiveRecord: 0.0ms)


Started GET "/assets/home.css?body=1" for 104.131.159.76 at 2016-12-24 08:03:34 -0500


Started GET "/assets/application.js?body=1" for 104.131.159.76 at 2016-12-24 08:03:34 -0500


Started GET "/assets/jquery_ujs.js?body=1" for 104.131.159.76 at 2016-12-24 08:03:35 -0500


Started GET "/assets/application.css?body=1" for 104.131.159.76 at 2016-12-24 08:03:35 -0500


Started GET "/assets/jquery.js?body=1" for 104.131.159.76 at 2016-12-24 08:03:35 -0500


Started GET "/assets/home.js?body=1" for 104.131.159.76 at 2016-12-24 08:03:35 -0500


Started GET "/assets/turbolinks.js?body=1" for 104.131.159.76 at 2016-12-24 08:03:35 -0500


Started GET "/" for 104.131.159.76 at 2016-12-24 08:23:19 -0500
Processing by Rails::WelcomeController#index as HTML
  Rendered /home/cabox/.rvm/gems/ruby-2.1.4/gems/railties-4.1.6/lib/rails/templates/rails/welcome/index.html.erb (0.1ms)
Completed 200 OK in 2ms (Views: 1.4ms | ActiveRecord: 0.0ms)


Started GET "/home/index.html" for 104.131.159.76 at 2016-12-24 08:23:26 -0500
Processing by HomeController#index as HTML
  Rendered home/index.html.erb within layouts/application (0.5ms)
Completed 200 OK in 41ms (Views: 40.6ms | ActiveRecord: 0.0ms)


Started GET "/assets/home.css?body=1" for 104.131.159.76 at 2016-12-24 08:23:26 -0500


Started GET "/assets/application.js?body=1" for 104.131.159.76 at 2016-12-24 08:23:26 -0500


Started GET "/assets/application.css?body=1" for 104.131.159.76 at 2016-12-24 08:23:27 -0500


Started GET "/assets/jquery.js?body=1" for 104.131.159.76 at 2016-12-24 08:23:27 -0500


Started GET "/assets/jquery_ujs.js?body=1" for 104.131.159.76 at 2016-12-24 08:23:27 -0500


Started GET "/assets/home.js?body=1" for 104.131.159.76 at 2016-12-24 08:23:27 -0500


Started GET "/assets/turbolinks.js?body=1" for 104.131.159.76 at 2016-12-24 08:23:27 -0500


Started GET "/home/index.html" for 104.131.159.76 at 2016-12-24 08:31:55 -0500

ActionController::RoutingError (No route matches [GET] "/home/index.html"):
  actionpack (4.1.6) lib/action_dispatch/middleware/debug_exceptions.rb:21:in `call'
  actionpack (4.1.6) lib/action_dispatch/middleware/show_exceptions.rb:30:in `call'
  railties (4.1.6) lib/rails/rack/logger.rb:38:in `call_app'
  railties (4.1.6) lib/rails/rack/logger.rb:20:in `block in call'
  activesupport (4.1.6) lib/active_support/tagged_logging.rb:68:in `block in tagged'
  activesupport (4.1.6) lib/active_support/tagged_logging.rb:26:in `tagged'
  activesupport (4.1.6) lib/active_support/tagged_logging.rb:68:in `tagged'
  railties (4.1.6) lib/rails/rack/logger.rb:20:in `call'
  actionpack (4.1.6) lib/action_dispatch/middleware/request_id.rb:21:in `call'
  rack (1.5.5) lib/rack/methodoverride.rb:21:in `call'
  rack (1.5.5) lib/rack/runtime.rb:17:in `call'
  activesupport (4.1.6) lib/active_support/cache/strategy/local_cache_middleware.rb:26:in `call'
  rack (1.5.5) lib/rack/lock.rb:17:in `call'
  actionpack (4.1.6) lib/action_dispatch/middleware/static.rb:64:in `call'
  rack (1.5.5) lib/rack/sendfile.rb:112:in `call'
  railties (4.1.6) lib/rails/engine.rb:514:in `call'
  railties (4.1.6) lib/rails/application.rb:144:in `call'
  rack (1.5.5) lib/rack/lock.rb:17:in `call'
  rack (1.5.5) lib/rack/content_length.rb:14:in `call'
  rack (1.5.5) lib/rack/handler/webrick.rb:60:in `service'
  /home/cabox/.rvm/rubies/ruby-2.1.4/lib/ruby/2.1.0/webrick/httpserver.rb:138:in `service'
  /home/cabox/.rvm/rubies/ruby-2.1.4/lib/ruby/2.1.0/webrick/httpserver.rb:94:in `run'
  /home/cabox/.rvm/rubies/ruby-2.1.4/lib/ruby/2.1.0/webrick/server.rb:295:in `block in start_thread'


  Rendered /home/cabox/.rvm/gems/ruby-2.1.4/gems/actionpack-4.1.6/lib/action_dispatch/middleware/templates/rescues/_trace.html.erb (2.0ms)
  Rendered /home/cabox/.rvm/gems/ruby-2.1.4/gems/actionpack-4.1.6/lib/action_dispatch/middleware/templates/routes/_route.html.erb (0.9ms)
  Rendered /home/cabox/.rvm/gems/ruby-2.1.4/gems/actionpack-4.1.6/lib/action_dispatch/middleware/templates/routes/_table.html.erb (7.5ms)
  Rendered /home/cabox/.rvm/gems/ruby-2.1.4/gems/actionpack-4.1.6/lib/action_dispatch/middleware/templates/rescues/routing_error.html.erb within rescues/layout (28.9ms)


Started GET "/home/index.html" for 104.131.159.76 at 2016-12-24 08:33:35 -0500

ActionController::RoutingError (No route matches [GET] "/home/index.html"):
  actionpack (4.1.6) lib/action_dispatch/middleware/debug_exceptions.rb:21:in `call'
  actionpack (4.1.6) lib/action_dispatch/middleware/show_exceptions.rb:30:in `call'
  railties (4.1.6) lib/rails/rack/logger.rb:38:in `call_app'
  railties (4.1.6) lib/rails/rack/logger.rb:20:in `block in call'
  activesupport (4.1.6) lib/active_support/tagged_logging.rb:68:in `block in tagged'
  activesupport (4.1.6) lib/active_support/tagged_logging.rb:26:in `tagged'
  activesupport (4.1.6) lib/active_support/tagged_logging.rb:68:in `tagged'
  railties (4.1.6) lib/rails/rack/logger.rb:20:in `call'
  actionpack (4.1.6) lib/action_dispatch/middleware/request_id.rb:21:in `call'
  rack (1.5.5) lib/rack/methodoverride.rb:21:in `call'
  rack (1.5.5) lib/rack/runtime.rb:17:in `call'
  activesupport (4.1.6) lib/active_support/cache/strategy/local_cache_middleware.rb:26:in `call'
  rack (1.5.5) lib/rack/lock.rb:17:in `call'
  actionpack (4.1.6) lib/action_dispatch/middleware/static.rb:64:in `call'
  rack (1.5.5) lib/rack/sendfile.rb:112:in `call'
  railties (4.1.6) lib/rails/engine.rb:514:in `call'
  railties (4.1.6) lib/rails/application.rb:144:in `call'
  rack (1.5.5) lib/rack/lock.rb:17:in `call'
  rack (1.5.5) lib/rack/content_length.rb:14:in `call'
  rack (1.5.5) lib/rack/handler/webrick.rb:60:in `service'
  /home/cabox/.rvm/rubies/ruby-2.1.4/lib/ruby/2.1.0/webrick/httpserver.rb:138:in `service'
  /home/cabox/.rvm/rubies/ruby-2.1.4/lib/ruby/2.1.0/webrick/httpserver.rb:94:in `run'
  /home/cabox/.rvm/rubies/ruby-2.1.4/lib/ruby/2.1.0/webrick/server.rb:295:in `block in start_thread'


  Rendered /home/cabox/.rvm/gems/ruby-2.1.4/gems/actionpack-4.1.6/lib/action_dispatch/middleware/templates/rescues/_trace.html.erb (1.4ms)
  Rendered /home/cabox/.rvm/gems/ruby-2.1.4/gems/actionpack-4.1.6/lib/action_dispatch/middleware/templates/routes/_route.html.erb (0.9ms)
  Rendered /home/cabox/.rvm/gems/ruby-2.1.4/gems/actionpack-4.1.6/lib/action_dispatch/middleware/templates/routes/_table.html.erb (1.3ms)
  Rendered /home/cabox/.rvm/gems/ruby-2.1.4/gems/actionpack-4.1.6/lib/action_dispatch/middleware/templates/rescues/routing_error.html.erb within rescues/layout (20.6ms)


Started GET "/home/index.html" for 104.131.159.76 at 2016-12-24 08:34:00 -0500

ActionController::RoutingError (No route matches [GET] "/home/index.html"):
  actionpack (4.1.6) lib/action_dispatch/middleware/debug_exceptions.rb:21:in `call'
  actionpack (4.1.6) lib/action_dispatch/middleware/show_exceptions.rb:30:in `call'
  railties (4.1.6) lib/rails/rack/logger.rb:38:in `call_app'
  railties (4.1.6) lib/rails/rack/logger.rb:20:in `block in call'
  activesupport (4.1.6) lib/active_support/tagged_logging.rb:68:in `block in tagged'
  activesupport (4.1.6) lib/active_support/tagged_logging.rb:26:in `tagged'
  activesupport (4.1.6) lib/active_support/tagged_logging.rb:68:in `tagged'
  railties (4.1.6) lib/rails/rack/logger.rb:20:in `call'
  actionpack (4.1.6) lib/action_dispatch/middleware/request_id.rb:21:in `call'
  rack (1.5.5) lib/rack/methodoverride.rb:21:in `call'
  rack (1.5.5) lib/rack/runtime.rb:17:in `call'
  activesupport (4.1.6) lib/active_support/cache/strategy/local_cache_middleware.rb:26:in `call'
  rack (1.5.5) lib/rack/lock.rb:17:in `call'
  actionpack (4.1.6) lib/action_dispatch/middleware/static.rb:64:in `call'
  rack (1.5.5) lib/rack/sendfile.rb:112:in `call'
  railties (4.1.6) lib/rails/engine.rb:514:in `call'
  railties (4.1.6) lib/rails/application.rb:144:in `call'
  rack (1.5.5) lib/rack/lock.rb:17:in `call'
  rack (1.5.5) lib/rack/content_length.rb:14:in `call'
  rack (1.5.5) lib/rack/handler/webrick.rb:60:in `service'
  /home/cabox/.rvm/rubies/ruby-2.1.4/lib/ruby/2.1.0/webrick/httpserver.rb:138:in `service'
  /home/cabox/.rvm/rubies/ruby-2.1.4/lib/ruby/2.1.0/webrick/httpserver.rb:94:in `run'
  /home/cabox/.rvm/rubies/ruby-2.1.4/lib/ruby/2.1.0/webrick/server.rb:295:in `block in start_thread'


  Rendered /home/cabox/.rvm/gems/ruby-2.1.4/gems/actionpack-4.1.6/lib/action_dispatch/middleware/templates/rescues/_trace.html.erb (1.7ms)
  Rendered /home/cabox/.rvm/gems/ruby-2.1.4/gems/actionpack-4.1.6/lib/action_dispatch/middleware/templates/routes/_route.html.erb (2.5ms)
  Rendered /home/cabox/.rvm/gems/ruby-2.1.4/gems/actionpack-4.1.6/lib/action_dispatch/middleware/templates/routes/_table.html.erb (1.7ms)
  Rendered /home/cabox/.rvm/gems/ruby-2.1.4/gems/actionpack-4.1.6/lib/action_dispatch/middleware/templates/rescues/routing_error.html.erb within rescues/layout (23.1ms)


Started GET "/" for 104.131.159.76 at 2016-12-24 08:34:35 -0500
Processing by HomeController#index as HTML
  Rendered home/index.html.erb within layouts/application (0.1ms)
Completed 200 OK in 54ms (Views: 53.2ms | ActiveRecord: 0.0ms)


Started GET "/assets/home.css?body=1" for 104.131.159.76 at 2016-12-24 08:34:35 -0500


Started GET "/assets/application.css?body=1" for 104.131.159.76 at 2016-12-24 08:34:36 -0500


Started GET "/assets/jquery_ujs.js?body=1" for 104.131.159.76 at 2016-12-24 08:34:36 -0500


Started GET "/assets/turbolinks.js?body=1" for 104.131.159.76 at 2016-12-24 08:34:36 -0500


Started GET "/assets/home.js?body=1" for 104.131.159.76 at 2016-12-24 08:34:36 -0500


Started GET "/assets/application.js?body=1" for 104.131.159.76 at 2016-12-24 08:34:36 -0500


Started GET "/assets/jquery.js?body=1" for 104.131.159.76 at 2016-12-24 08:34:36 -0500
